 15:39:58 at d:\jorge\desarrollo de videojuegos ucm\desarrollo de videojuegos-4\sonido\sound-project\proyecto3\src\main\game.cpp (31) GAME: initializing...
 15:40:00 JSON: Precargando prefabs...
 15:40:00 JSON: Encontradas 11 entradas en .\Assets\_Levels\Prefabs
 15:40:00 JSON: Precargados 11 archivos de prefabs con exito
 15:40:00 JSON: Reading map types file.\Assets\_Levels\__mapTypes.txt ...
 15:40:00 JSON: El prefab Spawn no fue encontrado... abortando parseo del mapType
 15:40:00 JSON: El prefab SpawnR no fue encontrado... abortando parseo del mapType
 15:40:00 JSON: Leidos 11 tipos con exito


 15:40:00 GAME: singletons done -> initializing level...
 15:40:00 JSON: Reading level _MENU_LEVEL_ ...
 15:40:00 JSON: La escena Menu no contiene mapa...
 15:40:00 JSON: La escena Menu no contiene player...
 15:40:00 JSON: Leido Manager con exito
 15:40:00 JSON: Leidos 11 Gameobjects con exito


 15:40:03 GAME: initialized
 15:40:03 GAME: starting game
 15:40:04 JSON: Reading level _SELECT_LEVEL_LEVEL_ ...
 15:40:04 JSON: La escena SelectLevel no contiene mapa...
 15:40:04 JSON: La escena SelectLevel no contiene player...
 15:40:04 JSON: Leido Manager con exito
 15:40:04 JSON: Leidos 5 Gameobjects con exito
 15:40:05 JSON: Reading level _MAIN_LEVEL_ ...
 15:40:05 JSON: Reading map _MAIN_LEVEL_map.txt ...
 15:40:05 JSON: Leidos 57 Gameobjects (tiles del map) con exito
 15:40:05 JSON: Leido Player con exito
 15:40:05 JSON: Leido Manager con exito
 15:40:05 JSON: Leidos 12 Gameobjects con exito
 15:40:18 JSON: Reading level _DEATH_LEVEL_ ...
 15:40:18 JSON: La escena Death no contiene mapa...
 15:40:18 JSON: La escena Death no contiene player...
 15:40:18 JSON: Leido Manager con exito
 15:40:18 JSON: Leidos 3 Gameobjects con exito
 15:40:21 JSON: No se pudo crear el directorio ..\exes\user\scores (ya existia?)
 15:40:21 JSON: Reading level _SELECT_LEVEL_LEVEL_ ...
 15:40:21 JSON: La escena SelectLevel no contiene mapa...
 15:40:21 JSON: La escena SelectLevel no contiene player...
 15:40:21 JSON: Leido Manager con exito
 15:40:21 JSON: Leidos 5 Gameobjects con exito
 15:40:22 JSON: Reading level _MAIN_LEVEL_ ...
 15:40:22 JSON: Reading map _MAIN_LEVEL_map.txt ...
 15:40:22 JSON: Leidos 57 Gameobjects (tiles del map) con exito
 15:40:22 JSON: Leido Player con exito
 15:40:22 JSON: Leido Manager con exito
 15:40:22 JSON: Leidos 12 Gameobjects con exito
 15:40:45 GAME: stopping game
 15:40:45 GAME: closing...


 15:40:45 JSON: No se pudo crear el directorio ..\exes\user\scores (ya existia?)
 15:40:45 GAME: closed
